{
  message: 'Database Connected Successfull',
  level: 'info',
  label: 'University Management',
  timestamp: '2023-07-04T13:03:13.603Z'
}
{
  message: 'Application listening on port 5000',
  level: 'info',
  label: 'University Management',
  timestamp: '2023-07-04T13:03:13.629Z'
}
{
  message: 'Database Connected Successfull',
  level: 'info',
  label: 'University Management',
  timestamp: '2023-07-04T13:37:59.349Z'
}
{
  message: 'Application listening on port 5000',
  level: 'info',
  label: 'University Management',
  timestamp: '2023-07-04T13:37:59.377Z'
}
{
  message: 'Database Connected Successfull',
  level: 'info',
  label: 'University Management',
  timestamp: '2023-07-04T13:41:39.493Z'
}
{
  message: 'Application listening on port 5000',
  level: 'info',
  label: 'University Management',
  timestamp: '2023-07-04T13:41:39.534Z'
}
{
  message: 'Database Connected Successfull',
  level: 'info',
  label: 'University Management',
  timestamp: '2023-07-04T13:44:39.561Z'
}
{
  message: 'Application listening on port 5000',
  level: 'info',
  label: 'University Management',
  timestamp: '2023-07-04T13:44:39.583Z'
}
{
  message: 'Database Connected Successfull',
  level: 'info',
  label: 'University Management',
  timestamp: '2023-07-04T13:44:50.737Z'
}
{
  message: 'Application listening on port 5000',
  level: 'info',
  label: 'University Management',
  timestamp: '2023-07-04T13:44:50.758Z'
}
{
  message: 'Database Connected Successfull',
  level: 'info',
  label: 'University Management',
  timestamp: '2023-07-04T13:44:55.518Z'
}
{
  message: 'Application listening on port 5000',
  level: 'info',
  label: 'University Management',
  timestamp: '2023-07-04T13:44:55.544Z'
}
{
  message: 'Database Connected Successfull',
  level: 'info',
  label: 'University Management',
  timestamp: '2023-07-04T13:45:15.982Z'
}
{
  message: 'Application listening on port 5000',
  level: 'info',
  label: 'University Management',
  timestamp: '2023-07-04T13:45:16.002Z'
}
{
  message: 'Database Connected Successfull',
  level: 'info',
  label: 'University Management',
  timestamp: '2023-07-04T13:45:42.286Z'
}
{
  message: 'Application listening on port 5000',
  level: 'info',
  label: 'University Management',
  timestamp: '2023-07-04T13:45:42.307Z'
}
{
  message: 'Database Connected Successfull',
  level: 'info',
  label: 'University Management',
  timestamp: '2023-07-04T13:45:54.821Z'
}
{
  message: 'Application listening on port 5000',
  level: 'info',
  label: 'University Management',
  timestamp: '2023-07-04T13:45:54.857Z'
}
