{
  message: 'Database Connected Successfull',
  level: 'info',
  label: 'University Management',
  timestamp: '2023-07-15T08:04:49.449Z'
}
{
  message: 'Application listening on port 5000',
  level: 'info',
  label: 'University Management',
  timestamp: '2023-07-15T08:04:49.488Z'
}
{
  message: 'Database Connected Successfull',
  level: 'info',
  label: 'University Management',
  timestamp: '2023-07-15T08:07:46.598Z'
}
{
  message: 'Application listening on port 5000',
  level: 'info',
  label: 'University Management',
  timestamp: '2023-07-15T08:07:46.643Z'
}
{
  message: 'Database Connected Successfull',
  level: 'info',
  label: 'University Management',
  timestamp: '2023-07-15T08:08:05.151Z'
}
{
  message: 'Application listening on port 5000',
  level: 'info',
  label: 'University Management',
  timestamp: '2023-07-15T08:08:05.182Z'
}
{
  message: 'Database Connected Successfull',
  level: 'info',
  label: 'University Management',
  timestamp: '2023-07-15T08:09:24.877Z'
}
{
  message: 'Application listening on port 5000',
  level: 'info',
  label: 'University Management',
  timestamp: '2023-07-15T08:09:24.897Z'
}
{
  message: 'Database Connected Successfull',
  level: 'info',
  label: 'University Management',
  timestamp: '2023-07-15T08:09:35.515Z'
}
{
  message: 'Application listening on port 5000',
  level: 'info',
  label: 'University Management',
  timestamp: '2023-07-15T08:09:35.555Z'
}
{
  message: 'Database Connected Successfull',
  level: 'info',
  label: 'University Management',
  timestamp: '2023-07-15T08:09:45.085Z'
}
{
  message: 'Application listening on port 5000',
  level: 'info',
  label: 'University Management',
  timestamp: '2023-07-15T08:09:45.104Z'
}
{
  message: 'Database Connected Successfull',
  level: 'info',
  label: 'University Management',
  timestamp: '2023-07-15T08:09:53.032Z'
}
{
  message: 'Application listening on port 5000',
  level: 'info',
  label: 'University Management',
  timestamp: '2023-07-15T08:09:53.056Z'
}
{
  message: 'Database Connected Successfull',
  level: 'info',
  label: 'University Management',
  timestamp: '2023-07-15T08:10:31.975Z'
}
{
  message: 'Application listening on port 5000',
  level: 'info',
  label: 'University Management',
  timestamp: '2023-07-15T08:10:32.004Z'
}
{
  message: 'Database Connected Successfull',
  level: 'info',
  label: 'University Management',
  timestamp: '2023-07-15T08:10:47.608Z'
}
{
  message: 'Application listening on port 5000',
  level: 'info',
  label: 'University Management',
  timestamp: '2023-07-15T08:10:47.639Z'
}
{
  message: 'Database Connected Successfull',
  level: 'info',
  label: 'University Management',
  timestamp: '2023-07-15T08:12:29.767Z'
}
{
  message: 'Application listening on port 5000',
  level: 'info',
  label: 'University Management',
  timestamp: '2023-07-15T08:12:29.788Z'
}
{
  message: 'Database Connected Successfull',
  level: 'info',
  label: 'University Management',
  timestamp: '2023-07-15T08:12:38.785Z'
}
{
  message: 'Application listening on port 5000',
  level: 'info',
  label: 'University Management',
  timestamp: '2023-07-15T08:12:38.811Z'
}
