{
  message: 'Database Connected Successfull',
  level: 'info',
  label: 'University Management',
  timestamp: '2023-07-02T16:32:55.135Z'
}
{
  message: 'Application listening on port 5000',
  level: 'info',
  label: 'University Management',
  timestamp: '2023-07-02T16:32:55.237Z'
}
{
  message: 'Database Connected Successfull',
  level: 'info',
  label: 'University Management',
  timestamp: '2023-07-02T16:47:45.951Z'
}
{
  message: 'Application listening on port 5000',
  level: 'info',
  label: 'University Management',
  timestamp: '2023-07-02T16:47:45.974Z'
}
{
  message: 'Database Connected Successfull',
  level: 'info',
  label: 'University Management',
  timestamp: '2023-07-02T16:47:53.281Z'
}
{
  message: 'Application listening on port 5000',
  level: 'info',
  label: 'University Management',
  timestamp: '2023-07-02T16:47:53.314Z'
}
{
  message: 'Database Connected Successfull',
  level: 'info',
  label: 'University Management',
  timestamp: '2023-07-02T16:53:36.336Z'
}
{
  message: 'Application listening on port 5000',
  level: 'info',
  label: 'University Management',
  timestamp: '2023-07-02T16:53:36.367Z'
}
{
  message: 'Database Connected Successfull',
  level: 'info',
  label: 'University Management',
  timestamp: '2023-07-02T16:56:47.819Z'
}
{
  message: 'Application listening on port 5000',
  level: 'info',
  label: 'University Management',
  timestamp: '2023-07-02T16:56:47.842Z'
}
