{
  message: 'Database Connected Successfull',
  level: 'info',
  label: 'University Management',
  timestamp: '2023-07-15T12:19:16.812Z'
}
{
  message: 'Application listening on port 5000',
  level: 'info',
  label: 'University Management',
  timestamp: '2023-07-15T12:19:16.854Z'
}
{
  message: 'Database Connected Successfull',
  level: 'info',
  label: 'University Management',
  timestamp: '2023-07-15T12:31:57.304Z'
}
{
  message: 'Application listening on port 5000',
  level: 'info',
  label: 'University Management',
  timestamp: '2023-07-15T12:31:57.329Z'
}
{
  message: 'Database Connected Successfull',
  level: 'info',
  label: 'University Management',
  timestamp: '2023-07-15T12:32:30.614Z'
}
{
  message: 'Application listening on port 5000',
  level: 'info',
  label: 'University Management',
  timestamp: '2023-07-15T12:32:30.640Z'
}
{
  message: 'Database Connected Successfull',
  level: 'info',
  label: 'University Management',
  timestamp: '2023-07-15T12:32:45.996Z'
}
{
  message: 'Application listening on port 5000',
  level: 'info',
  label: 'University Management',
  timestamp: '2023-07-15T12:32:46.021Z'
}
{
  message: 'Database Connected Successfull',
  level: 'info',
  label: 'University Management',
  timestamp: '2023-07-15T12:33:04.140Z'
}
{
  message: 'Application listening on port 5000',
  level: 'info',
  label: 'University Management',
  timestamp: '2023-07-15T12:33:04.164Z'
}
{
  message: 'Database Connected Successfull',
  level: 'info',
  label: 'University Management',
  timestamp: '2023-07-15T12:33:17.966Z'
}
{
  message: 'Application listening on port 5000',
  level: 'info',
  label: 'University Management',
  timestamp: '2023-07-15T12:33:18.003Z'
}
{
  message: 'Database Connected Successfull',
  level: 'info',
  label: 'University Management',
  timestamp: '2023-07-15T12:33:46.203Z'
}
{
  message: 'Application listening on port 5000',
  level: 'info',
  label: 'University Management',
  timestamp: '2023-07-15T12:33:46.283Z'
}
{
  message: 'Database Connected Successfull',
  level: 'info',
  label: 'University Management',
  timestamp: '2023-07-15T12:34:39.832Z'
}
{
  message: 'Application listening on port 5000',
  level: 'info',
  label: 'University Management',
  timestamp: '2023-07-15T12:34:39.864Z'
}
{
  message: 'Database Connected Successfull',
  level: 'info',
  label: 'University Management',
  timestamp: '2023-07-15T12:40:40.402Z'
}
{
  message: 'Application listening on port 5000',
  level: 'info',
  label: 'University Management',
  timestamp: '2023-07-15T12:40:40.447Z'
}
{
  message: 'Database Connected Successfull',
  level: 'info',
  label: 'University Management',
  timestamp: '2023-07-15T12:41:55.667Z'
}
{
  message: 'Application listening on port 5000',
  level: 'info',
  label: 'University Management',
  timestamp: '2023-07-15T12:41:55.691Z'
}
{
  message: 'Database Connected Successfull',
  level: 'info',
  label: 'University Management',
  timestamp: '2023-07-15T12:48:44.602Z'
}
{
  message: 'Application listening on port 5000',
  level: 'info',
  label: 'University Management',
  timestamp: '2023-07-15T12:48:44.624Z'
}
{
  message: 'Database Connected Successfull',
  level: 'info',
  label: 'University Management',
  timestamp: '2023-07-15T12:50:52.134Z'
}
{
  message: 'Application listening on port 5000',
  level: 'info',
  label: 'University Management',
  timestamp: '2023-07-15T12:50:52.167Z'
}
{
  message: 'Database Connected Successfull',
  level: 'info',
  label: 'University Management',
  timestamp: '2023-07-15T12:52:30.494Z'
}
{
  message: 'Application listening on port 5000',
  level: 'info',
  label: 'University Management',
  timestamp: '2023-07-15T12:52:30.530Z'
}
